<?xml version="1.0" encoding="UTF-8"?>
<testsuite name="dev.slavin.controllers.UserControllerIntegrationTest" tests="2" skipped="0" failures="0" errors="0" timestamp="2021-03-17T13:04:54" hostname="LAPTOP-HAIRUEGR" time="1.092">
  <properties/>
  <testcase name="testGetAllUsersAuthorized()" classname="dev.slavin.controllers.UserControllerIntegrationTest" time="1.084"/>
  <testcase name="testGetAllUsersUnauthorized()" classname="dev.slavin.controllers.UserControllerIntegrationTest" time="0.006"/>
  <system-out><![CDATA[]]></system-out>
  <system-err><![CDATA[[Test worker] INFO io.javalin.Javalin - 
           __                      __ _
          / /____ _ _   __ ____ _ / /(_)____
     __  / // __ `/| | / // __ `// // // __ \
    / /_/ // /_/ / | |/ // /_/ // // // / / /
    \____/ \__,_/  |___/ \__,_//_//_//_/ /_/

        https://javalin.io/documentation

[Test worker] INFO org.eclipse.jetty.util.log - Logging initialized @969ms to org.eclipse.jetty.util.log.Slf4jLog
[Test worker] INFO io.javalin.Javalin - Starting Javalin ...
[Test worker] INFO io.javalin.Javalin - Listening on http://localhost:7000/
[Test worker] INFO io.javalin.Javalin - Javalin started in 209ms \o/
[Test worker] INFO io.javalin.Javalin - Stopping Javalin ...
[Test worker] INFO io.javalin.Javalin - Javalin has stopped
]]></system-err>
</testsuite>
